<?xml version="1.0" encoding="UTF-8"?>
<!-- Generated by org.testng.reporters.JUnitReportReporter -->
<testsuite hostname="d90e531fe419593" failures="0" tests="5" name="Develop.mobile.LoginActions" time="16.736" errors="0" timestamp="2023-11-24T13:12:43 IST" skipped="0">
  <testcase classname="Develop.mobile.LoginActions" name="setupapp" time="5.175"/>
  <system-out/>
  <testcase classname="Develop.mobile.LoginActions" name="checkcappopen" time="0.852"/>
  <system-out/>
  <testcase classname="Develop.mobile.LoginActions" name="navigatetomessageservice" time="8.414"/>
  <system-out/>
  <testcase classname="Develop.mobile.LoginActions" name="bindservicetest" time="0.507"/>
  <system-out/>
  <testcase classname="Develop.mobile.LoginActions" name="unbindservicetest" time="1.788"/>
  <system-out/>
</testsuite> <!-- Develop.mobile.LoginActions -->
