<?xml version="1.0" encoding="UTF-8"?>
<!-- Generated by org.testng.reporters.JUnitReportReporter -->
<testsuite hostname="d90e531fe419593" failures="0" tests="5" name="Develop.mobile.LoginActions" time="14.951" errors="0" timestamp="2023-11-24T13:08:14 IST" skipped="0">
  <testcase classname="Develop.mobile.LoginActions" name="setupapp" time="4.525"/>
  <system-out/>
  <testcase classname="Develop.mobile.LoginActions" name="checkcappopen" time="1.536"/>
  <system-out/>
  <testcase classname="Develop.mobile.LoginActions" name="navigatetomessageservice" time="7.674"/>
  <system-out/>
  <testcase classname="Develop.mobile.LoginActions" name="bindservicetest" time="0.378"/>
  <system-out/>
  <testcase classname="Develop.mobile.LoginActions" name="unbindservicetest" time="0.838"/>
  <system-out/>
</testsuite> <!-- Develop.mobile.LoginActions -->
