<?xml version="1.0" encoding="UTF-8"?>
<!-- Generated by org.testng.reporters.JUnitReportReporter -->
<testsuite hostname="DESKTOP-CKEME0T" failures="0" tests="1" name="com.portal.test.InvalidLogin" time="5.889" errors="0" timestamp="2024-06-11T14:45:34 IST" skipped="0">
  <testcase classname="com.portal.test.InvalidLogin" name="portal_login_invalid" time="5.889"/>
  <system-out/>
</testsuite> <!-- com.portal.test.InvalidLogin -->
