<?xml version="1.0" encoding="UTF-8"?>
<!-- Generated by org.testng.reporters.JUnitReportReporter -->
<testsuite hostname="DESKTOP-CKEME0T" failures="0" tests="1" name="com.portal.test.Login" time="4.873" errors="0" timestamp="2024-06-11T13:33:44 IST" skipped="0">
  <testcase classname="com.portal.test.Login" name="portal_login_valid" time="4.873"/>
  <system-out/>
</testsuite> <!-- com.portal.test.Login -->
