<?xml version="1.0" encoding="UTF-8"?>
<!-- Generated by org.testng.reporters.JUnitReportReporter -->
<testsuite hostname="d90e531fe419593" failures="0" tests="1" name="Actions.LoginActions" time="11.315" errors="0" timestamp="2023-11-23T23:38:53 IST" skipped="0">
  <testcase classname="Actions.LoginActions" name="openapp" time="11.315"/>
  <system-out/>
</testsuite> <!-- Actions.LoginActions -->
