<?xml version="1.0" encoding="UTF-8"?>
<!-- Generated by org.testng.reporters.JUnitReportReporter -->
<testsuite hostname="d90e531fe419593" failures="0" tests="1" name="Develop.mobile.noortest" time="19.653" errors="0" timestamp="2023-11-23T22:53:29 IST" skipped="0">
  <testcase classname="Develop.mobile.noortest" name="setup" time="19.653"/>
  <system-out/>
</testsuite> <!-- Develop.mobile.noortest -->
