<?xml version="1.0" encoding="UTF-8"?>
<!-- Generated by org.testng.reporters.JUnitReportReporter -->
<testsuite hostname="d90e531fe419593" failures="0" tests="1" name="Develop.mobile.Base" time="40.582" errors="0" timestamp="2023-11-23T21:05:52 IST" skipped="0">
  <testcase classname="Develop.mobile.Base" name="setup" time="40.582"/>
  <system-out/>
</testsuite> <!-- Develop.mobile.Base -->
